<?xml version="1.0" encoding="UTF-8"?>
<!-- Generated by org.testng.reporters.JUnitReportReporter -->
<testsuite hostname="ASUSPC" failures="0" tests="1" name="org.example.AppTest" time="0.003" errors="0" timestamp="2022-02-08T19:03:23 SEÄŒ" skipped="0">
  <testcase classname="org.example.AppTest" name="testApp" time="0.003"/>
  <system-out/>
</testsuite> <!-- org.example.AppTest -->
